<?xml version="1.0" encoding="UTF-8"?>
<testsuite xmlns:xsi="http://www.w3.org/2001/XMLSchema-instance" xsi:noNamespaceSchemaLocation="https://maven.apache.org/surefire/maven-surefire-plugin/xsd/surefire-test-report-3.0.xsd" version="3.0" name="springSecurityLogin.com.example.springsecuritylogin.SpringsecurityloginApplicationTests" time="3.857" tests="1" errors="0" skipped="0" failures="0">
  <properties>
    <property name="java.specification.version" value="17"/>
    <property name="sun.jnu.encoding" value="UTF-8"/>
    <property name="java.class.path" value="/Users/raedabdulmajeed/Desktop/JAVA-projects/springboot-login-spring-security/target/test-classes:/Users/raedabdulmajeed/Desktop/JAVA-projects/springboot-login-spring-security/target/classes:/Users/raedabdulmajeed/.m2/repository/org/springframework/boot/spring-boot-starter-security/3.1.2/spring-boot-starter-security-3.1.2.jar:/Users/raedabdulmajeed/.m2/repository/org/springframework/boot/spring-boot-starter/3.1.2/spring-boot-starter-3.1.2.jar:/Users/raedabdulmajeed/.m2/repository/org/springframework/boot/spring-boot/3.1.2/spring-boot-3.1.2.jar:/Users/raedabdulmajeed/.m2/repository/org/springframework/boot/spring-boot-autoconfigure/3.1.2/spring-boot-autoconfigure-3.1.2.jar:/Users/raedabdulmajeed/.m2/repository/org/springframework/boot/spring-boot-starter-logging/3.1.2/spring-boot-starter-logging-3.1.2.jar:/Users/raedabdulmajeed/.m2/repository/ch/qos/logback/logback-classic/1.4.8/logback-classic-1.4.8.jar:/Users/raedabdulmajeed/.m2/repository/ch/qos/logback/logback-core/1.4.8/logback-core-1.4.8.jar:/Users/raedabdulmajeed/.m2/repository/org/apache/logging/log4j/log4j-to-slf4j/2.20.0/log4j-to-slf4j-2.20.0.jar:/Users/raedabdulmajeed/.m2/repository/org/apache/logging/log4j/log4j-api/2.20.0/log4j-api-2.20.0.jar:/Users/raedabdulmajeed/.m2/repository/org/slf4j/jul-to-slf4j/2.0.7/jul-to-slf4j-2.0.7.jar:/Users/raedabdulmajeed/.m2/repository/jakarta/annotation/jakarta.annotation-api/2.1.1/jakarta.annotation-api-2.1.1.jar:/Users/raedabdulmajeed/.m2/repository/org/yaml/snakeyaml/1.33/snakeyaml-1.33.jar:/Users/raedabdulmajeed/.m2/repository/org/springframework/spring-aop/6.0.11/spring-aop-6.0.11.jar:/Users/raedabdulmajeed/.m2/repository/org/springframework/spring-beans/6.0.11/spring-beans-6.0.11.jar:/Users/raedabdulmajeed/.m2/repository/org/springframework/security/spring-security-config/6.1.2/spring-security-config-6.1.2.jar:/Users/raedabdulmajeed/.m2/repository/org/springframework/spring-context/6.0.11/spring-context-6.0.11.jar:/Users/raedabdulmajeed/.m2/repository/org/springframework/security/spring-security-web/6.1.2/spring-security-web-6.1.2.jar:/Users/raedabdulmajeed/.m2/repository/org/springframework/spring-expression/6.0.11/spring-expression-6.0.11.jar:/Users/raedabdulmajeed/.m2/repository/org/springframework/boot/spring-boot-starter-thymeleaf/3.1.2/spring-boot-starter-thymeleaf-3.1.2.jar:/Users/raedabdulmajeed/.m2/repository/org/thymeleaf/thymeleaf-spring6/3.1.1.RELEASE/thymeleaf-spring6-3.1.1.RELEASE.jar:/Users/raedabdulmajeed/.m2/repository/org/thymeleaf/thymeleaf/3.1.1.RELEASE/thymeleaf-3.1.1.RELEASE.jar:/Users/raedabdulmajeed/.m2/repository/org/attoparser/attoparser/2.0.6.RELEASE/attoparser-2.0.6.RELEASE.jar:/Users/raedabdulmajeed/.m2/repository/org/unbescape/unbescape/1.1.6.RELEASE/unbescape-1.1.6.RELEASE.jar:/Users/raedabdulmajeed/.m2/repository/org/springframework/boot/spring-boot-starter-web/3.1.2/spring-boot-starter-web-3.1.2.jar:/Users/raedabdulmajeed/.m2/repository/org/springframework/boot/spring-boot-starter-json/3.1.2/spring-boot-starter-json-3.1.2.jar:/Users/raedabdulmajeed/.m2/repository/com/fasterxml/jackson/core/jackson-databind/2.15.2/jackson-databind-2.15.2.jar:/Users/raedabdulmajeed/.m2/repository/com/fasterxml/jackson/core/jackson-annotations/2.15.2/jackson-annotations-2.15.2.jar:/Users/raedabdulmajeed/.m2/repository/com/fasterxml/jackson/core/jackson-core/2.15.2/jackson-core-2.15.2.jar:/Users/raedabdulmajeed/.m2/repository/com/fasterxml/jackson/datatype/jackson-datatype-jdk8/2.15.2/jackson-datatype-jdk8-2.15.2.jar:/Users/raedabdulmajeed/.m2/repository/com/fasterxml/jackson/datatype/jackson-datatype-jsr310/2.15.2/jackson-datatype-jsr310-2.15.2.jar:/Users/raedabdulmajeed/.m2/repository/com/fasterxml/jackson/module/jackson-module-parameter-names/2.15.2/jackson-module-parameter-names-2.15.2.jar:/Users/raedabdulmajeed/.m2/repository/org/springframework/boot/spring-boot-starter-tomcat/3.1.2/spring-boot-starter-tomcat-3.1.2.jar:/Users/raedabdulmajeed/.m2/repository/org/apache/tomcat/embed/tomcat-embed-core/10.1.11/tomcat-embed-core-10.1.11.jar:/Users/raedabdulmajeed/.m2/repository/org/apache/tomcat/embed/tomcat-embed-el/10.1.11/tomcat-embed-el-10.1.11.jar:/Users/raedabdulmajeed/.m2/repository/org/apache/tomcat/embed/tomcat-embed-websocket/10.1.11/tomcat-embed-websocket-10.1.11.jar:/Users/raedabdulmajeed/.m2/repository/org/springframework/spring-web/6.0.11/spring-web-6.0.11.jar:/Users/raedabdulmajeed/.m2/repository/io/micrometer/micrometer-observation/1.11.2/micrometer-observation-1.11.2.jar:/Users/raedabdulmajeed/.m2/repository/io/micrometer/micrometer-commons/1.11.2/micrometer-commons-1.11.2.jar:/Users/raedabdulmajeed/.m2/repository/org/springframework/spring-webmvc/6.0.11/spring-webmvc-6.0.11.jar:/Users/raedabdulmajeed/.m2/repository/org/thymeleaf/extras/thymeleaf-extras-springsecurity6/3.1.1.RELEASE/thymeleaf-extras-springsecurity6-3.1.1.RELEASE.jar:/Users/raedabdulmajeed/.m2/repository/org/slf4j/slf4j-api/2.0.7/slf4j-api-2.0.7.jar:/Users/raedabdulmajeed/.m2/repository/org/projectlombok/lombok/1.18.28/lombok-1.18.28.jar:/Users/raedabdulmajeed/.m2/repository/org/springframework/boot/spring-boot-starter-test/3.1.2/spring-boot-starter-test-3.1.2.jar:/Users/raedabdulmajeed/.m2/repository/org/springframework/boot/spring-boot-test/3.1.2/spring-boot-test-3.1.2.jar:/Users/raedabdulmajeed/.m2/repository/org/springframework/boot/spring-boot-test-autoconfigure/3.1.2/spring-boot-test-autoconfigure-3.1.2.jar:/Users/raedabdulmajeed/.m2/repository/com/jayway/jsonpath/json-path/2.8.0/json-path-2.8.0.jar:/Users/raedabdulmajeed/.m2/repository/jakarta/xml/bind/jakarta.xml.bind-api/4.0.0/jakarta.xml.bind-api-4.0.0.jar:/Users/raedabdulmajeed/.m2/repository/jakarta/activation/jakarta.activation-api/2.1.2/jakarta.activation-api-2.1.2.jar:/Users/raedabdulmajeed/.m2/repository/net/minidev/json-smart/2.4.11/json-smart-2.4.11.jar:/Users/raedabdulmajeed/.m2/repository/net/minidev/accessors-smart/2.4.11/accessors-smart-2.4.11.jar:/Users/raedabdulmajeed/.m2/repository/org/ow2/asm/asm/9.3/asm-9.3.jar:/Users/raedabdulmajeed/.m2/repository/org/assertj/assertj-core/3.24.2/assertj-core-3.24.2.jar:/Users/raedabdulmajeed/.m2/repository/net/bytebuddy/byte-buddy/1.14.5/byte-buddy-1.14.5.jar:/Users/raedabdulmajeed/.m2/repository/org/hamcrest/hamcrest/2.2/hamcrest-2.2.jar:/Users/raedabdulmajeed/.m2/repository/org/junit/jupiter/junit-jupiter/5.9.3/junit-jupiter-5.9.3.jar:/Users/raedabdulmajeed/.m2/repository/org/junit/jupiter/junit-jupiter-api/5.9.3/junit-jupiter-api-5.9.3.jar:/Users/raedabdulmajeed/.m2/repository/org/opentest4j/opentest4j/1.2.0/opentest4j-1.2.0.jar:/Users/raedabdulmajeed/.m2/repository/org/junit/platform/junit-platform-commons/1.9.3/junit-platform-commons-1.9.3.jar:/Users/raedabdulmajeed/.m2/repository/org/apiguardian/apiguardian-api/1.1.2/apiguardian-api-1.1.2.jar:/Users/raedabdulmajeed/.m2/repository/org/junit/jupiter/junit-jupiter-params/5.9.3/junit-jupiter-params-5.9.3.jar:/Users/raedabdulmajeed/.m2/repository/org/junit/jupiter/junit-jupiter-engine/5.9.3/junit-jupiter-engine-5.9.3.jar:/Users/raedabdulmajeed/.m2/repository/org/junit/platform/junit-platform-engine/1.9.3/junit-platform-engine-1.9.3.jar:/Users/raedabdulmajeed/.m2/repository/org/mockito/mockito-core/5.3.1/mockito-core-5.3.1.jar:/Users/raedabdulmajeed/.m2/repository/net/bytebuddy/byte-buddy-agent/1.14.5/byte-buddy-agent-1.14.5.jar:/Users/raedabdulmajeed/.m2/repository/org/objenesis/objenesis/3.3/objenesis-3.3.jar:/Users/raedabdulmajeed/.m2/repository/org/mockito/mockito-junit-jupiter/5.3.1/mockito-junit-jupiter-5.3.1.jar:/Users/raedabdulmajeed/.m2/repository/org/skyscreamer/jsonassert/1.5.1/jsonassert-1.5.1.jar:/Users/raedabdulmajeed/.m2/repository/com/vaadin/external/google/android-json/0.0.20131108.vaadin1/android-json-0.0.20131108.vaadin1.jar:/Users/raedabdulmajeed/.m2/repository/org/springframework/spring-core/6.0.11/spring-core-6.0.11.jar:/Users/raedabdulmajeed/.m2/repository/org/springframework/spring-jcl/6.0.11/spring-jcl-6.0.11.jar:/Users/raedabdulmajeed/.m2/repository/org/springframework/spring-test/6.0.11/spring-test-6.0.11.jar:/Users/raedabdulmajeed/.m2/repository/org/xmlunit/xmlunit-core/2.9.1/xmlunit-core-2.9.1.jar:/Users/raedabdulmajeed/.m2/repository/org/springframework/security/spring-security-test/6.1.2/spring-security-test-6.1.2.jar:/Users/raedabdulmajeed/.m2/repository/org/springframework/security/spring-security-core/6.1.2/spring-security-core-6.1.2.jar:/Users/raedabdulmajeed/.m2/repository/org/springframework/security/spring-security-crypto/6.1.2/spring-security-crypto-6.1.2.jar:"/>
    <property name="java.vm.vendor" value="Eclipse Adoptium"/>
    <property name="sun.arch.data.model" value="64"/>
    <property name="java.vendor.url" value="https://adoptium.net/"/>
    <property name="user.timezone" value="Asia/Kolkata"/>
    <property name="os.name" value="Mac OS X"/>
    <property name="java.vm.specification.version" value="17"/>
    <property name="sun.java.launcher" value="SUN_STANDARD"/>
    <property name="user.country" value="IN"/>
    <property name="sun.boot.library.path" value="/Library/Java/JavaVirtualMachines/temurin-17.jdk/Contents/Home/lib"/>
    <property name="sun.java.command" value="/Users/raedabdulmajeed/Desktop/JAVA-projects/springboot-login-spring-security/target/surefire/surefirebooter-20230808181453056_3.jar /Users/raedabdulmajeed/Desktop/JAVA-projects/springboot-login-spring-security/target/surefire 2023-08-08T18-14-52_802-jvmRun1 surefire-20230808181453056_1tmp surefire_0-20230808181453056_2tmp"/>
    <property name="http.nonProxyHosts" value="local|*.local|169.254/16|*.169.254/16"/>
    <property name="jdk.debug" value="release"/>
    <property name="surefire.test.class.path" value="/Users/raedabdulmajeed/Desktop/JAVA-projects/springboot-login-spring-security/target/test-classes:/Users/raedabdulmajeed/Desktop/JAVA-projects/springboot-login-spring-security/target/classes:/Users/raedabdulmajeed/.m2/repository/org/springframework/boot/spring-boot-starter-security/3.1.2/spring-boot-starter-security-3.1.2.jar:/Users/raedabdulmajeed/.m2/repository/org/springframework/boot/spring-boot-starter/3.1.2/spring-boot-starter-3.1.2.jar:/Users/raedabdulmajeed/.m2/repository/org/springframework/boot/spring-boot/3.1.2/spring-boot-3.1.2.jar:/Users/raedabdulmajeed/.m2/repository/org/springframework/boot/spring-boot-autoconfigure/3.1.2/spring-boot-autoconfigure-3.1.2.jar:/Users/raedabdulmajeed/.m2/repository/org/springframework/boot/spring-boot-starter-logging/3.1.2/spring-boot-starter-logging-3.1.2.jar:/Users/raedabdulmajeed/.m2/repository/ch/qos/logback/logback-classic/1.4.8/logback-classic-1.4.8.jar:/Users/raedabdulmajeed/.m2/repository/ch/qos/logback/logback-core/1.4.8/logback-core-1.4.8.jar:/Users/raedabdulmajeed/.m2/repository/org/apache/logging/log4j/log4j-to-slf4j/2.20.0/log4j-to-slf4j-2.20.0.jar:/Users/raedabdulmajeed/.m2/repository/org/apache/logging/log4j/log4j-api/2.20.0/log4j-api-2.20.0.jar:/Users/raedabdulmajeed/.m2/repository/org/slf4j/jul-to-slf4j/2.0.7/jul-to-slf4j-2.0.7.jar:/Users/raedabdulmajeed/.m2/repository/jakarta/annotation/jakarta.annotation-api/2.1.1/jakarta.annotation-api-2.1.1.jar:/Users/raedabdulmajeed/.m2/repository/org/yaml/snakeyaml/1.33/snakeyaml-1.33.jar:/Users/raedabdulmajeed/.m2/repository/org/springframework/spring-aop/6.0.11/spring-aop-6.0.11.jar:/Users/raedabdulmajeed/.m2/repository/org/springframework/spring-beans/6.0.11/spring-beans-6.0.11.jar:/Users/raedabdulmajeed/.m2/repository/org/springframework/security/spring-security-config/6.1.2/spring-security-config-6.1.2.jar:/Users/raedabdulmajeed/.m2/repository/org/springframework/spring-context/6.0.11/spring-context-6.0.11.jar:/Users/raedabdulmajeed/.m2/repository/org/springframework/security/spring-security-web/6.1.2/spring-security-web-6.1.2.jar:/Users/raedabdulmajeed/.m2/repository/org/springframework/spring-expression/6.0.11/spring-expression-6.0.11.jar:/Users/raedabdulmajeed/.m2/repository/org/springframework/boot/spring-boot-starter-thymeleaf/3.1.2/spring-boot-starter-thymeleaf-3.1.2.jar:/Users/raedabdulmajeed/.m2/repository/org/thymeleaf/thymeleaf-spring6/3.1.1.RELEASE/thymeleaf-spring6-3.1.1.RELEASE.jar:/Users/raedabdulmajeed/.m2/repository/org/thymeleaf/thymeleaf/3.1.1.RELEASE/thymeleaf-3.1.1.RELEASE.jar:/Users/raedabdulmajeed/.m2/repository/org/attoparser/attoparser/2.0.6.RELEASE/attoparser-2.0.6.RELEASE.jar:/Users/raedabdulmajeed/.m2/repository/org/unbescape/unbescape/1.1.6.RELEASE/unbescape-1.1.6.RELEASE.jar:/Users/raedabdulmajeed/.m2/repository/org/springframework/boot/spring-boot-starter-web/3.1.2/spring-boot-starter-web-3.1.2.jar:/Users/raedabdulmajeed/.m2/repository/org/springframework/boot/spring-boot-starter-json/3.1.2/spring-boot-starter-json-3.1.2.jar:/Users/raedabdulmajeed/.m2/repository/com/fasterxml/jackson/core/jackson-databind/2.15.2/jackson-databind-2.15.2.jar:/Users/raedabdulmajeed/.m2/repository/com/fasterxml/jackson/core/jackson-annotations/2.15.2/jackson-annotations-2.15.2.jar:/Users/raedabdulmajeed/.m2/repository/com/fasterxml/jackson/core/jackson-core/2.15.2/jackson-core-2.15.2.jar:/Users/raedabdulmajeed/.m2/repository/com/fasterxml/jackson/datatype/jackson-datatype-jdk8/2.15.2/jackson-datatype-jdk8-2.15.2.jar:/Users/raedabdulmajeed/.m2/repository/com/fasterxml/jackson/datatype/jackson-datatype-jsr310/2.15.2/jackson-datatype-jsr310-2.15.2.jar:/Users/raedabdulmajeed/.m2/repository/com/fasterxml/jackson/module/jackson-module-parameter-names/2.15.2/jackson-module-parameter-names-2.15.2.jar:/Users/raedabdulmajeed/.m2/repository/org/springframework/boot/spring-boot-starter-tomcat/3.1.2/spring-boot-starter-tomcat-3.1.2.jar:/Users/raedabdulmajeed/.m2/repository/org/apache/tomcat/embed/tomcat-embed-core/10.1.11/tomcat-embed-core-10.1.11.jar:/Users/raedabdulmajeed/.m2/repository/org/apache/tomcat/embed/tomcat-embed-el/10.1.11/tomcat-embed-el-10.1.11.jar:/Users/raedabdulmajeed/.m2/repository/org/apache/tomcat/embed/tomcat-embed-websocket/10.1.11/tomcat-embed-websocket-10.1.11.jar:/Users/raedabdulmajeed/.m2/repository/org/springframework/spring-web/6.0.11/spring-web-6.0.11.jar:/Users/raedabdulmajeed/.m2/repository/io/micrometer/micrometer-observation/1.11.2/micrometer-observation-1.11.2.jar:/Users/raedabdulmajeed/.m2/repository/io/micrometer/micrometer-commons/1.11.2/micrometer-commons-1.11.2.jar:/Users/raedabdulmajeed/.m2/repository/org/springframework/spring-webmvc/6.0.11/spring-webmvc-6.0.11.jar:/Users/raedabdulmajeed/.m2/repository/org/thymeleaf/extras/thymeleaf-extras-springsecurity6/3.1.1.RELEASE/thymeleaf-extras-springsecurity6-3.1.1.RELEASE.jar:/Users/raedabdulmajeed/.m2/repository/org/slf4j/slf4j-api/2.0.7/slf4j-api-2.0.7.jar:/Users/raedabdulmajeed/.m2/repository/org/projectlombok/lombok/1.18.28/lombok-1.18.28.jar:/Users/raedabdulmajeed/.m2/repository/org/springframework/boot/spring-boot-starter-test/3.1.2/spring-boot-starter-test-3.1.2.jar:/Users/raedabdulmajeed/.m2/repository/org/springframework/boot/spring-boot-test/3.1.2/spring-boot-test-3.1.2.jar:/Users/raedabdulmajeed/.m2/repository/org/springframework/boot/spring-boot-test-autoconfigure/3.1.2/spring-boot-test-autoconfigure-3.1.2.jar:/Users/raedabdulmajeed/.m2/repository/com/jayway/jsonpath/json-path/2.8.0/json-path-2.8.0.jar:/Users/raedabdulmajeed/.m2/repository/jakarta/xml/bind/jakarta.xml.bind-api/4.0.0/jakarta.xml.bind-api-4.0.0.jar:/Users/raedabdulmajeed/.m2/repository/jakarta/activation/jakarta.activation-api/2.1.2/jakarta.activation-api-2.1.2.jar:/Users/raedabdulmajeed/.m2/repository/net/minidev/json-smart/2.4.11/json-smart-2.4.11.jar:/Users/raedabdulmajeed/.m2/repository/net/minidev/accessors-smart/2.4.11/accessors-smart-2.4.11.jar:/Users/raedabdulmajeed/.m2/repository/org/ow2/asm/asm/9.3/asm-9.3.jar:/Users/raedabdulmajeed/.m2/repository/org/assertj/assertj-core/3.24.2/assertj-core-3.24.2.jar:/Users/raedabdulmajeed/.m2/repository/net/bytebuddy/byte-buddy/1.14.5/byte-buddy-1.14.5.jar:/Users/raedabdulmajeed/.m2/repository/org/hamcrest/hamcrest/2.2/hamcrest-2.2.jar:/Users/raedabdulmajeed/.m2/repository/org/junit/jupiter/junit-jupiter/5.9.3/junit-jupiter-5.9.3.jar:/Users/raedabdulmajeed/.m2/repository/org/junit/jupiter/junit-jupiter-api/5.9.3/junit-jupiter-api-5.9.3.jar:/Users/raedabdulmajeed/.m2/repository/org/opentest4j/opentest4j/1.2.0/opentest4j-1.2.0.jar:/Users/raedabdulmajeed/.m2/repository/org/junit/platform/junit-platform-commons/1.9.3/junit-platform-commons-1.9.3.jar:/Users/raedabdulmajeed/.m2/repository/org/apiguardian/apiguardian-api/1.1.2/apiguardian-api-1.1.2.jar:/Users/raedabdulmajeed/.m2/repository/org/junit/jupiter/junit-jupiter-params/5.9.3/junit-jupiter-params-5.9.3.jar:/Users/raedabdulmajeed/.m2/repository/org/junit/jupiter/junit-jupiter-engine/5.9.3/junit-jupiter-engine-5.9.3.jar:/Users/raedabdulmajeed/.m2/repository/org/junit/platform/junit-platform-engine/1.9.3/junit-platform-engine-1.9.3.jar:/Users/raedabdulmajeed/.m2/repository/org/mockito/mockito-core/5.3.1/mockito-core-5.3.1.jar:/Users/raedabdulmajeed/.m2/repository/net/bytebuddy/byte-buddy-agent/1.14.5/byte-buddy-agent-1.14.5.jar:/Users/raedabdulmajeed/.m2/repository/org/objenesis/objenesis/3.3/objenesis-3.3.jar:/Users/raedabdulmajeed/.m2/repository/org/mockito/mockito-junit-jupiter/5.3.1/mockito-junit-jupiter-5.3.1.jar:/Users/raedabdulmajeed/.m2/repository/org/skyscreamer/jsonassert/1.5.1/jsonassert-1.5.1.jar:/Users/raedabdulmajeed/.m2/repository/com/vaadin/external/google/android-json/0.0.20131108.vaadin1/android-json-0.0.20131108.vaadin1.jar:/Users/raedabdulmajeed/.m2/repository/org/springframework/spring-core/6.0.11/spring-core-6.0.11.jar:/Users/raedabdulmajeed/.m2/repository/org/springframework/spring-jcl/6.0.11/spring-jcl-6.0.11.jar:/Users/raedabdulmajeed/.m2/repository/org/springframework/spring-test/6.0.11/spring-test-6.0.11.jar:/Users/raedabdulmajeed/.m2/repository/org/xmlunit/xmlunit-core/2.9.1/xmlunit-core-2.9.1.jar:/Users/raedabdulmajeed/.m2/repository/org/springframework/security/spring-security-test/6.1.2/spring-security-test-6.1.2.jar:/Users/raedabdulmajeed/.m2/repository/org/springframework/security/spring-security-core/6.1.2/spring-security-core-6.1.2.jar:/Users/raedabdulmajeed/.m2/repository/org/springframework/security/spring-security-crypto/6.1.2/spring-security-crypto-6.1.2.jar:"/>
    <property name="sun.cpu.endian" value="little"/>
    <property name="user.home" value="/Users/raedabdulmajeed"/>
    <property name="user.language" value="en"/>
    <property name="java.specification.vendor" value="Oracle Corporation"/>
    <property name="java.version.date" value="2023-04-18"/>
    <property name="java.home" value="/Library/Java/JavaVirtualMachines/temurin-17.jdk/Contents/Home"/>
    <property name="file.separator" value="/"/>
    <property name="basedir" value="/Users/raedabdulmajeed/Desktop/JAVA-projects/springboot-login-spring-security"/>
    <property name="java.vm.compressedOopsMode" value="Zero based"/>
    <property name="line.separator" value="&#10;"/>
    <property name="java.vm.specification.vendor" value="Oracle Corporation"/>
    <property name="java.specification.name" value="Java Platform API Specification"/>
    <property name="FILE_LOG_CHARSET" value="US-ASCII"/>
    <property name="java.awt.headless" value="true"/>
    <property name="surefire.real.class.path" value="/Users/raedabdulmajeed/Desktop/JAVA-projects/springboot-login-spring-security/target/surefire/surefirebooter-20230808181453056_3.jar"/>
    <property name="sun.management.compiler" value="HotSpot 64-Bit Tiered Compilers"/>
    <property name="ftp.nonProxyHosts" value="local|*.local|169.254/16|*.169.254/16"/>
    <property name="java.runtime.version" value="17.0.7+7"/>
    <property name="user.name" value="raedabdulmajeed"/>
    <property name="path.separator" value=":"/>
    <property name="os.version" value="13.1"/>
    <property name="java.runtime.name" value="OpenJDK Runtime Environment"/>
    <property name="file.encoding" value="US-ASCII"/>
    <property name="java.vm.name" value="OpenJDK 64-Bit Server VM"/>
    <property name="java.vendor.version" value="Temurin-17.0.7+7"/>
    <property name="localRepository" value="/Users/raedabdulmajeed/.m2/repository"/>
    <property name="java.vendor.url.bug" value="https://github.com/adoptium/adoptium-support/issues"/>
    <property name="java.io.tmpdir" value="/var/folders/_b/qzw1y3sd44x5j3vbw23sbgm80000gn/T/"/>
    <property name="idea.version" value="2023.1.4"/>
    <property name="java.version" value="17.0.7"/>
    <property name="user.dir" value="/Users/raedabdulmajeed/Desktop/JAVA-projects/springboot-login-spring-security"/>
    <property name="os.arch" value="x86_64"/>
    <property name="java.vm.specification.name" value="Java Virtual Machine Specification"/>
    <property name="PID" value="65679"/>
    <property name="CONSOLE_LOG_CHARSET" value="US-ASCII"/>
    <property name="native.encoding" value="US-ASCII"/>
    <property name="java.library.path" value="/Users/raedabdulmajeed/Library/Java/Extensions:/Library/Java/Extensions:/Network/Library/Java/Extensions:/System/Library/Java/Extensions:/usr/lib/java:."/>
    <property name="java.vm.info" value="mixed mode, sharing"/>
    <property name="java.vendor" value="Eclipse Adoptium"/>
    <property name="java.vm.version" value="17.0.7+7"/>
    <property name="sun.io.unicode.encoding" value="UnicodeBig"/>
    <property name="socksNonProxyHosts" value="local|*.local|169.254/16|*.169.254/16"/>
    <property name="java.class.version" value="61.0"/>
  </properties>
  <testcase name="contextLoads" classname="springSecurityLogin.com.example.springsecuritylogin.SpringsecurityloginApplicationTests" time="0.925">
    <system-out><![CDATA[18:14:54.102 [main] INFO org.springframework.test.context.support.AnnotationConfigContextLoaderUtils -- Could not detect default configuration classes for test class [springSecurityLogin.com.example.springsecuritylogin.SpringsecurityloginApplicationTests]: SpringsecurityloginApplicationTests does not declare any static, non-private, non-final, nested classes annotated with @Configuration.
18:14:54.249 [main] INFO org.springframework.boot.test.context.SpringBootTestContextBootstrapper -- Found @SpringBootConfiguration springSecurityLogin.com.example.springsecuritylogin.SpringsecurityloginApplication for test class springSecurityLogin.com.example.springsecuritylogin.SpringsecurityloginApplicationTests

  .   ____          _            __ _ _
 /\\ / ___'_ __ _ _(_)_ __  __ _ \ \ \ \
( ( )\___ | '_ | '_| | '_ \/ _` | \ \ \ \
 \\/  ___)| |_)| | | | | || (_| |  ) ) ) )
  '  |____| .__|_| |_|_| |_\__, | / / / /
 =========|_|==============|___/=/_/_/_/
 :: Spring Boot ::                (v3.1.2)

2023-08-08T18:14:54.662+05:30  INFO 65679 --- [           main] .e.s.SpringsecurityloginApplicationTests : Starting SpringsecurityloginApplicationTests using Java 17.0.7 with PID 65679 (started by raedabdulmajeed in /Users/raedabdulmajeed/Desktop/JAVA-projects/springboot-login-spring-security)
2023-08-08T18:14:54.664+05:30  INFO 65679 --- [           main] .e.s.SpringsecurityloginApplicationTests : No active profile set, falling back to 1 default profile: "default"
2023-08-08T18:14:56.577+05:30  WARN 65679 --- [           main] .s.s.UserDetailsServiceAutoConfiguration : 

Using generated security password: 0eca9362-8e81-4e1f-ba94-ff182a9941ac

This generated password is for development use only. Your security configuration must be updated before running your application in production.

2023-08-08T18:14:56.719+05:30  INFO 65679 --- [           main] o.s.s.web.DefaultSecurityFilterChain     : Will secure any request with [org.springframework.security.web.session.DisableEncodeUrlFilter@4e224df5, org.springframework.security.web.context.request.async.WebAsyncManagerIntegrationFilter@32456db0, org.springframework.security.web.context.SecurityContextHolderFilter@75023c53, org.springframework.security.web.header.HeaderWriterFilter@37348491, org.springframework.security.web.csrf.CsrfFilter@35b17c06, org.springframework.security.web.authentication.logout.LogoutFilter@456bcb74, org.springframework.security.web.authentication.UsernamePasswordAuthenticationFilter@2fb25f4c, org.springframework.security.web.authentication.ui.DefaultLoginPageGeneratingFilter@5ba03c82, org.springframework.security.web.authentication.ui.DefaultLogoutPageGeneratingFilter@5f5827d0, org.springframework.security.web.authentication.www.BasicAuthenticationFilter@294aba23, org.springframework.security.web.savedrequest.RequestCacheAwareFilter@dab1f89, org.springframework.security.web.servletapi.SecurityContextHolderAwareRequestFilter@640cc04b, org.springframework.security.web.authentication.AnonymousAuthenticationFilter@58a2d9f9, org.springframework.security.web.access.ExceptionTranslationFilter@4d157493, org.springframework.security.web.access.intercept.AuthorizationFilter@2e7bf7b7]
2023-08-08T18:14:56.782+05:30  INFO 65679 --- [           main] .e.s.SpringsecurityloginApplicationTests : Started SpringsecurityloginApplicationTests in 2.395 seconds (process running for 3.593)
]]></system-out>
  </testcase>
</testsuite>